모두
까지나
사람
이거야
밑
여기
길들여진다는
밀밭
나
잊어버렸어
그러구
돼
보이지
넌
맞아
그건
색깔
제발
눈
없지
목요일
지겨워
생각날
참
...
거야
위엔
좀
어떤
엔
!
전혀
길들이렴
있지
언제
무얼
길들이면
저기
말
나하
.
참을성
내
찾고
이야
별
예쁘구나
될
진실
수
미안해
관계
길들여
춤
와서
뭐
가
싶다면
얻은
이리
려고
않는다
신나는
을
그럼
나를
에
해
그거
난
고
사과나무
닭
뜻
그러나
않았어
친구
뭘
,
보면
정말
하는데
는
같아
도대체
?
저
잘
한테
그런데
를
책임
길들인
아니
지
것
장미
있어야
만드는
놀
이지
처녀
어떻게
여우야
하나
처럼
햇빛
안
이란
온갖
네
하잖아
대단하군
이
없어
갖고
있겠지
무척
다르게
의례
에도
생활
잊으면
과
싶지
생긴다구
하고
줘
그럴
생긴다는
그래
그래서
중요한
누구
꽃
금빛
사냥꾼
눈부시게
대해
은
다른
싶은데
무슨
시간
있으니까
놀자
너
안녕
그
지구
있어
비밀
만
날
게
거지
의
해야
마을
괴롭히고
울
들
잘못
있니
추지
아
<start>
<end>
<pad>
<%>
